Aug 02 08:49 : exception: Failed to open '/home/zachary/.config/mpd/mpdstate': No such file or directory
Aug 02 08:49 : update: added Artful Dodger - It's All About The Stragglers/01 Artful Dodger - Think About Me.mp3
Aug 02 08:49 : update: added Artful Dodger - It's All About The Stragglers/02 Artful Dodger - Re-Rewind.mp3
Aug 02 08:49 : update: added Artful Dodger - It's All About The Stragglers/03 Artful Dodger - Outrageous.mp3
Aug 02 08:49 : update: added Artful Dodger - It's All About The Stragglers/04 Artful Dodger - Please Don't Turn Me On.mp3
Aug 02 08:49 : update: added Artful Dodger - It's All About The Stragglers/05 Artful Dodger - Twentyfourseven.mp3
Aug 02 08:49 : update: added Artful Dodger - It's All About The Stragglers/06 Artful Dodger - Something.mp3
Aug 02 08:49 : update: added Artful Dodger - It's All About The Stragglers/07 Artful Dodger - Movin Too Fast.mp3
Aug 02 08:49 : update: added Artful Dodger - It's All About The Stragglers/08 Artful Dodger - R U Ready.mp3
Aug 02 08:49 : update: added Artful Dodger - It's All About The Stragglers/09 Artful Dodger - I Can't Give Up.mp3
Aug 02 08:49 : update: added Artful Dodger - It's All About The Stragglers/10 Artful Dodger - Woman Trouble.mp3
Aug 02 08:49 : update: added Artful Dodger - It's All About The Stragglers/11 Artful Dodger - What You Gonna Do.mp3
Aug 02 08:49 : update: added Artful Dodger - It's All About The Stragglers/12 Artful Dodger - It Ain't Enough.mp3
Aug 02 08:49 : update: added Artful Dodger - It's All About The Stragglers/13 Artful Dodger - We Should Get Together.mp3
Aug 02 08:49 : update: added Ben Westbeech/Theres More To Life Than This/01-ben_westbeech-the_book.mp3
Aug 02 08:49 : update: added Ben Westbeech/Theres More To Life Than This/02-ben_westbeech-something_for_the_weekend.mp3
Aug 02 08:49 : update: added Ben Westbeech/Theres More To Life Than This/03-ben_westbeech-falling.mp3
Aug 02 08:49 : update: added Ben Westbeech/Theres More To Life Than This/04-ben_westbeech-same_thing.mp3
Aug 02 08:49 : update: added Ben Westbeech/Theres More To Life Than This/05-ben_westbeech-justice.mp3
Aug 02 08:49 : update: added Ben Westbeech/Theres More To Life Than This/06-ben_westbeech-stronger.mp3
Aug 02 08:49 : update: added Ben Westbeech/Theres More To Life Than This/07-ben_westbeech-inflections.mp3
Aug 02 08:49 : update: added Ben Westbeech/Theres More To Life Than This/08-ben_westbeech-sugar.mp3
Aug 02 08:49 : update: added Ben Westbeech/Theres More To Life Than This/09-ben_westbeech-let_your_feelings_go.mp3
Aug 02 08:49 : update: added Ben Westbeech/Theres More To Life Than This/10-ben_westbeech-butterflies.mp3
Aug 02 08:49 : update: added Ben Westbeech/Theres More To Life Than This/11-ben_westbeech-summers_loss.mp3
Aug 02 08:49 : update: added Ben Westbeech/Welcome to the Best Years of Your Life/01 Welcome.mp3
Aug 02 08:49 : update: added Ben Westbeech/Welcome to the Best Years of Your Life/02 So Good Today.mp3
Aug 02 08:49 : update: added Ben Westbeech/Welcome to the Best Years of Your Life/03 Get Silly.mp3
Aug 02 08:49 : update: added Ben Westbeech/Welcome to the Best Years of Your Life/04 Bright Future.mp3
Aug 02 08:49 : update: added Ben Westbeech/Welcome to the Best Years of Your Life/05 Nothing Else.mp3
Aug 02 08:49 : update: added Ben Westbeech/Welcome to the Best Years of Your Life/06 Gotta Keep On.mp3
Aug 02 08:49 : update: added Ben Westbeech/Welcome to the Best Years of Your Life/07 Taken Away From.mp3
Aug 02 08:49 : update: added Ben Westbeech/Welcome to the Best Years of Your Life/08 Grey Skies.mp3
Aug 02 08:49 : update: added Ben Westbeech/Welcome to the Best Years of Your Life/09 Stop What You're Doing.mp3
Aug 02 08:49 : update: added Ben Westbeech/Welcome to the Best Years of Your Life/10 Dance with Me.mp3
Aug 02 08:49 : update: added Ben Westbeech/Welcome to the Best Years of Your Life/11 Get Closer.mp3
Aug 02 08:49 : update: added Ben Westbeech/Welcome to the Best Years of Your Life/12 Hang Around.mp3
Aug 02 08:49 : update: added Ben Westbeech/Welcome to the Best Years of Your Life/13 Pusherman.mp3
Aug 02 08:49 : update: added Ben Westbeech/Welcome to the Best Years of Your Life/14 In-Out.mp3
Aug 02 08:49 : update: added Ben Westbeech/Welcome to the Best Years of Your Life/15 Beauty.mp3
Aug 02 08:49 : update: added Calvin Harris - I Created Disco/01 Merrymaking At My Place.mp3
Aug 02 08:49 : update: added Calvin Harris - I Created Disco/02 Colours.mp3
Aug 02 08:49 : update: added Calvin Harris - I Created Disco/03 This Is The Industry.mp3
Aug 02 08:49 : update: added Calvin Harris - I Created Disco/04 The Girls.mp3
Aug 02 08:49 : update: added Calvin Harris - I Created Disco/05 Acceptable In The 80s.mp3
Aug 02 08:49 : update: added Calvin Harris - I Created Disco/06 Neon Rocks.mp3
Aug 02 08:49 : update: added Calvin Harris - I Created Disco/07 Traffic Cops.mp3
Aug 02 08:49 : update: added Calvin Harris - I Created Disco/08 Vegas.mp3
Aug 02 08:49 : update: added Calvin Harris - I Created Disco/09 I Created Disco.mp3
Aug 02 08:49 : update: added Calvin Harris - I Created Disco/10 Disco Heat.mp3
Aug 02 08:49 : update: added Calvin Harris - I Created Disco/11 Vault Character.mp3
Aug 02 08:49 : update: added Calvin Harris - I Created Disco/12 Certified.mp3
Aug 02 08:49 : update: added Calvin Harris - I Created Disco/13 Love Souvenir.mp3
Aug 02 08:49 : update: added Calvin Harris - I Created Disco/14 Electro Man.mp3
Aug 02 08:49 : update: added Calvin Harris - Ready For The Weekend/01 The Rain.mp3
Aug 02 08:49 : update: added Calvin Harris - Ready For The Weekend/02 Ready For The Weekend.mp3
Aug 02 08:49 : update: added Calvin Harris - Ready For The Weekend/03 Stars Come Out.mp3
Aug 02 08:49 : update: added Calvin Harris - Ready For The Weekend/04 You Used To Hold Me.mp3
Aug 02 08:49 : update: added Calvin Harris - Ready For The Weekend/05 Blue.mp3
Aug 02 08:49 : update: added Calvin Harris - Ready For The Weekend/06 I'm Not Alone.mp3
Aug 02 08:49 : update: added Calvin Harris - Ready For The Weekend/07 Flashback.mp3
Aug 02 08:49 : update: added Calvin Harris - Ready For The Weekend/08 Worst Day feat Izza Kizza.mp3
Aug 02 08:49 : update: added Calvin Harris - Ready For The Weekend/09 Relax.mp3
Aug 02 08:49 : update: added Calvin Harris - Ready For The Weekend/10 Limits.mp3
Aug 02 08:49 : update: added Calvin Harris - Ready For The Weekend/11 Burns Night.mp3
Aug 02 08:49 : update: added Calvin Harris - Ready For The Weekend/12 Yeah Yeah Yeah La La La.mp3
Aug 02 08:49 : update: added Calvin Harris - Ready For The Weekend/13 Dance Wiv Me.mp3
Aug 02 08:49 : update: added Calvin Harris - Ready For The Weekend/14 5iliconeater.mp3
Aug 02 08:49 : update: added Crazee Mixes/Bob Marley Megamix.mp3
Aug 02 08:49 : update: added Crazee Mixes/Deep House Sounds Vol-7.mp3
Aug 02 08:49 : update: added Crazee Mixes/Deep Mix August 2011.mp3
Aug 02 08:49 : update: added Crazee Mixes/DJ Reuben - Barmooda.mp3
Aug 02 08:49 : update: added Crazee Mixes/Garth House Mix 1.mp3
Aug 02 08:49 : update: added Crazee Mixes/Garth House mix 2.mp3
Aug 02 08:49 : update: added Crazee Mixes/House Mix 1.mp3
Aug 02 08:49 : update: added Crazee Mixes/House Mix 2.mp3
Aug 02 08:49 : update: added Crazee Mixes/House Vibrations.mp3
Aug 02 08:49 : update: added Crazee Mixes/Ministry of Sound - Clubbers Guide Y2K.mp3
Aug 02 08:49 : update: added Essential Mixes/Avicii - Essential Mix - 11-12-2010.mp3
Aug 02 08:49 : update: added Essential Mixes/Axwell & Norman Doray - Essential Mix - 23-04-2011.mp3
Aug 02 08:49 : update: added Essential Mixes/Basement Jaxx - Essential Mix - 23-10-2010.mp3
Aug 02 08:49 : update: added Essential Mixes/Calvin Harris - Essential Mix - 21-05-2011.mp3
Aug 02 08:49 : update: added Essential Mixes/Calvin Harris - Essential Mix 18-10-2008.mp3
Aug 02 08:49 : update: added Essential Mixes/Kaskade - Essential Mix/01 - Essential Mix - Intro.mp3
Aug 02 08:49 : update: added Essential Mixes/Kaskade - Essential Mix/02 - Kaskade & Adam K feat. SunSun - Raining (Intro Mix).mp3
Aug 02 08:49 : update: added Essential Mixes/Kaskade - Essential Mix/03 - Kaskade feat. Mindy Gledhill - Eyes.mp3
Aug 02 08:49 : update: added Essential Mixes/Kaskade - Essential Mix/04 - Kaskade vs. Tiesto, Hardwell, EDX, & Marco V - Angel On My Shoulder Reaver 76 (Kaskade Mashup).mp3
Aug 02 08:49 : update: added Essential Mixes/Kaskade - Essential Mix/05 - R3hab & Swanky Tunes feat. Max C - Sending My Love (Kaskade Remix).mp3
Aug 02 08:49 : update: added Essential Mixes/Kaskade - Essential Mix/06 - Kaskade feat. Haley - Dynasty (Dada Life Remix).mp3
Aug 02 08:49 : update: added Essential Mixes/Kaskade - Essential Mix/07 - Tommy Trash - The End.mp3
Aug 02 08:49 : update: added Essential Mixes/Kaskade - Essential Mix/08 - Nicky Romero vs. Kaskade feat. Becky Jean Williams - Solar vs. Empty Streets (Acapella).mp3
Aug 02 08:49 : update: added Essential Mixes/Kaskade - Essential Mix/09 - Kaskade vs. Dimitri Vegas & Like Mike & Dada Life - Stars Align Tomorrow (Kaskade Mashup).mp3
Aug 02 08:49 : update: added Essential Mixes/Kaskade - Essential Mix/10 - Skylar Grey - Invisible (Kaskade Remix).mp3
Aug 02 08:49 : update: added Essential Mixes/Kaskade - Essential Mix/11 - Kaskade & Deadmau5 vs. Michael Woods - Move For First Aid (Kaskade Mashup).mp3
Aug 02 08:49 : update: added Essential Mixes/Kaskade - Essential Mix/12 - Kaskade feat. Rebecca & Fiona - Turn It Down.mp3
Aug 02 08:49 : update: added Essential Mixes/Kaskade - Essential Mix/13 - Boy Lost - Itza Trumpet Thing (Mind Electric Remix).mp3
Aug 02 08:49 : update: added Essential Mixes/Kaskade - Essential Mix/14 - Fedde Le Grand - So Much Love.mp3
Aug 02 08:49 : update: added Essential Mixes/Kaskade - Essential Mix/15 - Laidback Luke feat. Example vs. Kaskade feat. Mindy Gledhill - Natural Disaster (Instrumental Mix) vs. All That You Give (Acapella).mp3
Aug 02 08:49 : update: added Essential Mixes/Kaskade - Essential Mix/16 - David Guetta & Avicii - Sunshine.mp3
Aug 02 08:49 : update: added Essential Mixes/Kaskade - Essential Mix/17 - Sebastian Ingrosso & Alesso - Calling.mp3
Aug 02 08:49 : update: added Essential Mixes/Kaskade - Essential Mix/18 - Kaskade & EDX feat. Haley vs. Alex Gaudino - Don't Stop Kissing (Kaskade Mashup).mp3
Aug 02 08:49 : update: added Essential Mixes/Kaskade - Essential Mix/19 - Kaskade vs. Wolfgang Gartner - Steppin' Out Undertaker (Kaskade's EDC 2010 Mashup).mp3
Aug 02 08:49 : update: added Essential Mixes/Kaskade - Essential Mix/20 - James Blunt - Dangerous (Deniz Koyu & Johan Wedel Remix).mp3
Aug 02 08:49 : update: added Essential Mixes/Kaskade - Essential Mix/21 - Coldplay - Every Teardrop Is A Waterfall (Swedish House Mafia Remix).mp3
Aug 02 08:49 : update: added Essential Mixes/Kaskade - Essential Mix/22 - Dirty South & Thomas Gold feat. Kate Elsworth - Alive.mp3
Aug 02 08:49 : update: added Essential Mixes/Kaskade - Essential Mix/23 - Kaskade vs. DBN & Matty Menck - Step One For Redemption (Kaskade Mashup).mp3
Aug 02 08:49 : update: added Essential Mixes/Kaskade - Essential Mix/24 - Kaskade feat. Joslyn - It's You It's Me (Kaskade 2010 Remake).mp3
Aug 02 08:49 : update: added Essential Mixes/Kaskade - Essential Mix/25 - Calvin Harris - Feel So Close.mp3
Aug 02 08:49 : update: added Essential Mixes/Kaskade - Essential Mix/26 - Switchfoot - Always Yours (Max Vangeli & AN21 Remix).mp3
Aug 02 08:49 : update: added Essential Mixes/Kaskade - Essential Mix/27 - Joachim Garraud - The Computer (Kaskade Remix).mp3
Aug 02 08:49 : update: added Essential Mixes/Kaskade - Essential Mix/28 - Late Night Alumni - Finally Found (Max Vangeli Remix).mp3
Aug 02 08:49 : update: added Essential Mixes/Kaskade - Essential Mix/29 - David Guetta - Paris.mp3
Aug 02 08:49 : update: added Essential Mixes/Kaskade - Essential Mix/30 - Nadia Ali, Starkillers & Alex Kenji - Pressure (Alesso Remix).mp3
Aug 02 08:49 : update: added Essential Mixes/Kaskade - Essential Mix/31 - Essential Mix - Outro.mp3
Aug 02 08:49 : update: added Essential Mixes/Laidback Luke - Essential Mix - 19-02-2011.mp3
Aug 02 08:49 : update: added Essential Mixes/Paul Van Dyk - Essential Mix.mp3
Aug 02 08:49 : update: added Essential Mixes/Steve Lawler - Essential Mix  2005.07.17 - .mp3
Aug 02 08:49 : update: added Essential Mixes/Swedish House Mafia - Essential Mix - 04-09-2010.mp3
Aug 02 08:49 : update: added Love Life/Love Life Part 1.mp3
Aug 02 08:49 : update: added Love Life/Love Life Part 2.mp3
Aug 02 08:49 : update: added Love Life/Love Life Part 3.mp3
Aug 02 08:49 : update: added Love Life/Love Life Part 4.mp3
Aug 02 08:54 : player: played "Ben Westbeech/Welcome to the Best Years of Your Life/01 Welcome.mp3"
Aug 02 09:04 : player: played "Ben Westbeech/Welcome to the Best Years of Your Life/01 Welcome.mp3"
Aug 02 09:07 : player: played "Ben Westbeech/Welcome to the Best Years of Your Life/02 So Good Today.mp3"
Aug 02 09:10 : player: played "Ben Westbeech/Welcome to the Best Years of Your Life/03 Get Silly.mp3"
Aug 02 09:14 : player: played "Ben Westbeech/Welcome to the Best Years of Your Life/04 Bright Future.mp3"
Aug 02 09:17 : player: played "Ben Westbeech/Welcome to the Best Years of Your Life/05 Nothing Else.mp3"
Aug 02 09:20 : player: played "Ben Westbeech/Welcome to the Best Years of Your Life/06 Gotta Keep On.mp3"
Aug 02 09:23 : player: played "Ben Westbeech/Welcome to the Best Years of Your Life/07 Taken Away From.mp3"
Aug 02 09:25 : player: played "Ben Westbeech/Welcome to the Best Years of Your Life/08 Grey Skies.mp3"
Aug 02 09:28 : player: played "Ben Westbeech/Welcome to the Best Years of Your Life/09 Stop What You're Doing.mp3"
Aug 02 09:32 : player: played "Ben Westbeech/Welcome to the Best Years of Your Life/10 Dance with Me.mp3"
Aug 02 09:36 : player: played "Ben Westbeech/Welcome to the Best Years of Your Life/11 Get Closer.mp3"
Aug 02 09:40 : player: played "Ben Westbeech/Welcome to the Best Years of Your Life/12 Hang Around.mp3"
Aug 02 09:44 : player: played "Ben Westbeech/Welcome to the Best Years of Your Life/12 Hang Around.mp3"
Aug 02 09:48 : player: played "Ben Westbeech/Welcome to the Best Years of Your Life/12 Hang Around.mp3"
Aug 02 09:52 : player: played "Ben Westbeech/Welcome to the Best Years of Your Life/12 Hang Around.mp3"
Aug 02 09:55 : player: played "Ben Westbeech/Welcome to the Best Years of Your Life/12 Hang Around.mp3"
Aug 02 09:59 : player: played "Ben Westbeech/Welcome to the Best Years of Your Life/12 Hang Around.mp3"
Aug 02 10:03 : player: played "Ben Westbeech/Welcome to the Best Years of Your Life/12 Hang Around.mp3"
Aug 02 10:06 : player: played "Ben Westbeech/Welcome to the Best Years of Your Life/12 Hang Around.mp3"
Aug 02 10:10 : player: played "Ben Westbeech/Welcome to the Best Years of Your Life/12 Hang Around.mp3"
Aug 02 10:14 : player: played "Ben Westbeech/Welcome to the Best Years of Your Life/12 Hang Around.mp3"
Aug 02 10:17 : player: played "Ben Westbeech/Welcome to the Best Years of Your Life/12 Hang Around.mp3"
Aug 02 10:21 : player: played "Ben Westbeech/Welcome to the Best Years of Your Life/12 Hang Around.mp3"
Aug 02 10:24 : player: played "Ben Westbeech/Welcome to the Best Years of Your Life/12 Hang Around.mp3"
Aug 02 10:28 : player: played "Ben Westbeech/Welcome to the Best Years of Your Life/12 Hang Around.mp3"
Aug 02 10:32 : player: played "Ben Westbeech/Welcome to the Best Years of Your Life/12 Hang Around.mp3"
Aug 02 10:35 : player: played "Ben Westbeech/Welcome to the Best Years of Your Life/12 Hang Around.mp3"
Aug 02 10:39 : player: played "Ben Westbeech/Welcome to the Best Years of Your Life/12 Hang Around.mp3"
Aug 02 10:43 : player: played "Ben Westbeech/Welcome to the Best Years of Your Life/12 Hang Around.mp3"
Aug 02 10:46 : player: played "Ben Westbeech/Welcome to the Best Years of Your Life/12 Hang Around.mp3"
Aug 02 10:50 : player: played "Ben Westbeech/Welcome to the Best Years of Your Life/12 Hang Around.mp3"
Aug 02 10:54 : player: played "Ben Westbeech/Welcome to the Best Years of Your Life/12 Hang Around.mp3"
Aug 02 10:57 : player: played "Ben Westbeech/Welcome to the Best Years of Your Life/12 Hang Around.mp3"
WARNING: Unhandled message: interface=org.freedesktop.DBus, path=/org/freedesktop/DBus, member=ActivatableServicesChanged
WARNING: Unhandled message: interface=org.freedesktop.DBus, path=/org/freedesktop/DBus, member=ActivatableServicesChanged
WARNING: Unhandled message: interface=org.freedesktop.DBus, path=/org/freedesktop/DBus, member=ActivatableServicesChanged
WARNING: Unhandled message: interface=org.freedesktop.DBus, path=/org/freedesktop/DBus, member=ActivatableServicesChanged
WARNING: Unhandled message: interface=org.freedesktop.DBus, path=/org/freedesktop/DBus, member=ActivatableServicesChanged
WARNING: Unhandled message: interface=org.freedesktop.DBus, path=/org/freedesktop/DBus, member=ActivatableServicesChanged
WARNING: Unhandled message: interface=org.freedesktop.DBus, path=/org/freedesktop/DBus, member=ActivatableServicesChanged
WARNING: Unhandled message: interface=org.freedesktop.DBus, path=/org/freedesktop/DBus, member=ActivatableServicesChanged
WARNING: Unhandled message: interface=org.freedesktop.DBus, path=/org/freedesktop/DBus, member=ActivatableServicesChanged
WARNING: Unhandled message: interface=org.freedesktop.DBus, path=/org/freedesktop/DBus, member=ActivatableServicesChanged
WARNING: Unhandled message: interface=org.freedesktop.DBus, path=/org/freedesktop/DBus, member=ActivatableServicesChanged
WARNING: Unhandled message: interface=org.freedesktop.DBus, path=/org/freedesktop/DBus, member=ActivatableServicesChanged
WARNING: Unhandled message: interface=org.freedesktop.DBus, path=/org/freedesktop/DBus, member=ActivatableServicesChanged
WARNING: Unhandled message: interface=org.freedesktop.DBus, path=/org/freedesktop/DBus, member=ActivatableServicesChanged
WARNING: Unhandled message: interface=org.freedesktop.DBus, path=/org/freedesktop/DBus, member=ActivatableServicesChanged
Aug 02 11:05 : player: played "Ben Westbeech/Welcome to the Best Years of Your Life/12 Hang Around.mp3"
Aug 02 11:55 : player: played "Ben Westbeech/Welcome to the Best Years of Your Life/12 Hang Around.mp3"
Aug 02 14:01 : player: played "Ben Westbeech/Welcome to the Best Years of Your Life/12 Hang Around.mp3"
Aug 02 17:41 : player: played "Ben Westbeech/Welcome to the Best Years of Your Life/12 Hang Around.mp3"
Aug 02 17:45 : player: played "Ben Westbeech/Welcome to the Best Years of Your Life/12 Hang Around.mp3"
Aug 02 17:49 : player: played "Ben Westbeech/Welcome to the Best Years of Your Life/12 Hang Around.mp3"
Aug 02 19:57 : player: played "Ben Westbeech/Welcome to the Best Years of Your Life/12 Hang Around.mp3"
Aug 03 06:30 : player: played "Ben Westbeech/Welcome to the Best Years of Your Life/12 Hang Around.mp3"
Aug 03 06:54 : player: played "Ben Westbeech/Welcome to the Best Years of Your Life/12 Hang Around.mp3"
Aug 03 06:58 : player: played "Ben Westbeech/Welcome to the Best Years of Your Life/12 Hang Around.mp3"
Aug 03 07:01 : player: played "Ben Westbeech/Welcome to the Best Years of Your Life/12 Hang Around.mp3"
Aug 03 07:05 : player: played "Ben Westbeech/Welcome to the Best Years of Your Life/12 Hang Around.mp3"
Aug 03 07:05 : player: played "Ben Westbeech/Welcome to the Best Years of Your Life/12 Hang Around.mp3"
Aug 03 07:29 : player: played "Essential Mixes/Axwell & Norman Doray - Essential Mix - 23-04-2011.mp3"
Aug 05 15:38 : player: played "Calvin Harris - Ready For The Weekend/01 The Rain.mp3"
Aug 05 15:42 : player: played "Calvin Harris - Ready For The Weekend/02 Ready For The Weekend.mp3"
Aug 05 15:46 : player: played "Calvin Harris - Ready For The Weekend/03 Stars Come Out.mp3"
Sep 21 07:32 : player: played "Calvin Harris - Ready For The Weekend/01 The Rain.mp3"
Sep 21 07:35 : player: played "Calvin Harris - Ready For The Weekend/02 Ready For The Weekend.mp3"
Sep 21 07:36 : player: played "Calvin Harris - Ready For The Weekend/03 Stars Come Out.mp3"
Sep 21 07:40 : player: played "Ben Westbeech/Welcome to the Best Years of Your Life/12 Hang Around.mp3"
Sep 21 07:43 : player: played "Ben Westbeech/Welcome to the Best Years of Your Life/12 Hang Around.mp3"
Sep 21 07:54 : player: played "Ben Westbeech/Welcome to the Best Years of Your Life/12 Hang Around.mp3"
Sep 21 07:58 : player: played "Ben Westbeech/Welcome to the Best Years of Your Life/12 Hang Around.mp3"
Sep 21 08:24 : player: played "Ben Westbeech/Welcome to the Best Years of Your Life/12 Hang Around.mp3"
Sep 21 08:27 : player: played "Ben Westbeech/Welcome to the Best Years of Your Life/12 Hang Around.mp3"
Sep 21 08:31 : player: played "Ben Westbeech/Welcome to the Best Years of Your Life/12 Hang Around.mp3"
Sep 21 08:35 : player: played "Ben Westbeech/Welcome to the Best Years of Your Life/12 Hang Around.mp3"
Sep 21 08:38 : player: played "Ben Westbeech/Welcome to the Best Years of Your Life/12 Hang Around.mp3"
Sep 21 14:09 : player: played "Ben Westbeech/Welcome to the Best Years of Your Life/12 Hang Around.mp3"
Sep 21 14:13 : player: played "Ben Westbeech/Welcome to the Best Years of Your Life/12 Hang Around.mp3"
Sep 21 14:17 : player: played "Ben Westbeech/Welcome to the Best Years of Your Life/12 Hang Around.mp3"
Sep 21 14:20 : player: played "Ben Westbeech/Welcome to the Best Years of Your Life/12 Hang Around.mp3"
Sep 21 14:24 : player: played "Ben Westbeech/Welcome to the Best Years of Your Life/12 Hang Around.mp3"
Sep 21 14:27 : player: played "Ben Westbeech/Welcome to the Best Years of Your Life/12 Hang Around.mp3"
Sep 21 14:31 : player: played "Ben Westbeech/Welcome to the Best Years of Your Life/12 Hang Around.mp3"
Sep 21 15:06 : player: played "Ben Westbeech/Welcome to the Best Years of Your Life/12 Hang Around.mp3"
WARNING: Unhandled message: interface=org.freedesktop.DBus, path=/org/freedesktop/DBus, member=ActivatableServicesChanged
WARNING: Unhandled message: interface=org.freedesktop.DBus, path=/org/freedesktop/DBus, member=ActivatableServicesChanged
WARNING: Unhandled message: interface=org.freedesktop.DBus, path=/org/freedesktop/DBus, member=ActivatableServicesChanged
WARNING: Unhandled message: interface=org.freedesktop.DBus, path=/org/freedesktop/DBus, member=ActivatableServicesChanged
WARNING: Unhandled message: interface=org.freedesktop.DBus, path=/org/freedesktop/DBus, member=ActivatableServicesChanged
WARNING: Unhandled message: interface=org.freedesktop.DBus, path=/org/freedesktop/DBus, member=ActivatableServicesChanged
WARNING: Unhandled message: interface=org.freedesktop.DBus, path=/org/freedesktop/DBus, member=ActivatableServicesChanged
WARNING: Unhandled message: interface=org.freedesktop.DBus, path=/org/freedesktop/DBus, member=ActivatableServicesChanged
WARNING: Unhandled message: interface=org.freedesktop.DBus, path=/org/freedesktop/DBus, member=ActivatableServicesChanged
WARNING: Unhandled message: interface=org.freedesktop.DBus, path=/org/freedesktop/DBus, member=ActivatableServicesChanged
WARNING: Unhandled message: interface=org.freedesktop.DBus, path=/org/freedesktop/DBus, member=ActivatableServicesChanged
WARNING: Unhandled message: interface=org.freedesktop.DBus, path=/org/freedesktop/DBus, member=ActivatableServicesChanged
Sep 21 17:39 : player: played "Ben Westbeech/Welcome to the Best Years of Your Life/12 Hang Around.mp3"
Sep 21 17:55 : player: played "Ben Westbeech/Welcome to the Best Years of Your Life/12 Hang Around.mp3"
Sep 21 17:58 : player: played "Ben Westbeech/Welcome to the Best Years of Your Life/12 Hang Around.mp3"
Sep 21 18:02 : player: played "Ben Westbeech/Welcome to the Best Years of Your Life/12 Hang Around.mp3"
Sep 21 18:06 : player: played "Ben Westbeech/Welcome to the Best Years of Your Life/12 Hang Around.mp3"
Sep 21 18:09 : player: played "Ben Westbeech/Welcome to the Best Years of Your Life/12 Hang Around.mp3"
Sep 21 18:13 : player: played "Ben Westbeech/Welcome to the Best Years of Your Life/12 Hang Around.mp3"
Sep 21 18:17 : player: played "Ben Westbeech/Welcome to the Best Years of Your Life/12 Hang Around.mp3"
Sep 21 21:18 : player: played "Ben Westbeech/Welcome to the Best Years of Your Life/12 Hang Around.mp3"
Sep 21 21:23 : player: played "Ben Westbeech/Welcome to the Best Years of Your Life/12 Hang Around.mp3"
Sep 21 21:26 : player: played "Ben Westbeech/Welcome to the Best Years of Your Life/12 Hang Around.mp3"
Sep 22 10:28 : player: played "Ben Westbeech/Welcome to the Best Years of Your Life/12 Hang Around.mp3"
Sep 22 10:29 : player: played "Ben Westbeech/Welcome to the Best Years of Your Life/12 Hang Around.mp3"
Sep 22 10:32 : player: played "Ben Westbeech/Welcome to the Best Years of Your Life/12 Hang Around.mp3"
Sep 22 10:43 : player: played "Ben Westbeech/Welcome to the Best Years of Your Life/12 Hang Around.mp3"
Sep 22 21:06 : player: played "Ben Westbeech/Welcome to the Best Years of Your Life/12 Hang Around.mp3"
Sep 22 21:07 : player: played "Ben Westbeech/Welcome to the Best Years of Your Life/12 Hang Around.mp3"
Sep 22 23:21 : player: played "Ben Westbeech/Welcome to the Best Years of Your Life/12 Hang Around.mp3"
Sep 22 23:22 : player: played "Ben Westbeech/Welcome to the Best Years of Your Life/12 Hang Around.mp3"
Sep 23 09:48 : player: played "Ben Westbeech/Welcome to the Best Years of Your Life/12 Hang Around.mp3"
Sep 23 12:21 : player: played "Ben Westbeech/Welcome to the Best Years of Your Life/12 Hang Around.mp3"
Sep 23 12:53 : player: played "Ben Westbeech/Welcome to the Best Years of Your Life/12 Hang Around.mp3"
Sep 23 15:45 : player: played "Ben Westbeech/Welcome to the Best Years of Your Life/12 Hang Around.mp3"
Sep 23 20:04 : player: played "Ben Westbeech/Welcome to the Best Years of Your Life/12 Hang Around.mp3"
Sep 24 15:12 : player: played "Ben Westbeech/Welcome to the Best Years of Your Life/12 Hang Around.mp3"
Sep 25 08:54 : player: played "Ben Westbeech/Welcome to the Best Years of Your Life/12 Hang Around.mp3"
Sep 25 08:57 : player: played "Ben Westbeech/Welcome to the Best Years of Your Life/12 Hang Around.mp3"
Sep 25 13:52 : player: played "Ben Westbeech/Welcome to the Best Years of Your Life/12 Hang Around.mp3"
Sep 25 15:45 : player: played "Ben Westbeech/Welcome to the Best Years of Your Life/12 Hang Around.mp3"
Sep 25 17:59 : player: played "Ben Westbeech/Welcome to the Best Years of Your Life/12 Hang Around.mp3"
Sep 26 15:16 : player: played "Ben Westbeech/Welcome to the Best Years of Your Life/12 Hang Around.mp3"
Sep 26 20:13 : player: played "Ben Westbeech/Welcome to the Best Years of Your Life/12 Hang Around.mp3"
Sep 27 06:12 : player: played "Ben Westbeech/Welcome to the Best Years of Your Life/12 Hang Around.mp3"
Sep 27 07:39 : player: played "Ben Westbeech/Welcome to the Best Years of Your Life/12 Hang Around.mp3"
Sep 27 07:50 : player: played "Ben Westbeech/Welcome to the Best Years of Your Life/12 Hang Around.mp3"
Sep 27 07:52 : player: played "Ben Westbeech/Welcome to the Best Years of Your Life/12 Hang Around.mp3"
Sep 27 10:10 : player: played "Ben Westbeech/Welcome to the Best Years of Your Life/12 Hang Around.mp3"
Sep 27 15:04 : player: played "Ben Westbeech/Welcome to the Best Years of Your Life/12 Hang Around.mp3"
WARNING: Unhandled message: interface=org.freedesktop.DBus, path=/org/freedesktop/DBus, member=ActivatableServicesChanged
WARNING: Unhandled message: interface=org.freedesktop.DBus, path=/org/freedesktop/DBus, member=ActivatableServicesChanged
WARNING: Unhandled message: interface=org.freedesktop.DBus, path=/org/freedesktop/DBus, member=ActivatableServicesChanged
WARNING: Unhandled message: interface=org.freedesktop.DBus, path=/org/freedesktop/DBus, member=ActivatableServicesChanged
WARNING: Unhandled message: interface=org.freedesktop.DBus, path=/org/freedesktop/DBus, member=ActivatableServicesChanged
WARNING: Unhandled message: interface=org.freedesktop.DBus, path=/org/freedesktop/DBus, member=ActivatableServicesChanged
WARNING: Unhandled message: interface=org.freedesktop.DBus, path=/org/freedesktop/DBus, member=ActivatableServicesChanged
WARNING: Unhandled message: interface=org.freedesktop.DBus, path=/org/freedesktop/DBus, member=ActivatableServicesChanged
WARNING: Unhandled message: interface=org.freedesktop.DBus, path=/org/freedesktop/DBus, member=ActivatableServicesChanged
WARNING: Unhandled message: interface=org.freedesktop.DBus, path=/org/freedesktop/DBus, member=ActivatableServicesChanged
WARNING: Unhandled message: interface=org.freedesktop.DBus, path=/org/freedesktop/DBus, member=ActivatableServicesChanged
Sep 27 21:34 : player: played "Ben Westbeech/Welcome to the Best Years of Your Life/12 Hang Around.mp3"
WARNING: Unhandled message: interface=org.freedesktop.DBus, path=/org/freedesktop/DBus, member=ActivatableServicesChanged
WARNING: Unhandled message: interface=org.freedesktop.DBus, path=/org/freedesktop/DBus, member=ActivatableServicesChanged
WARNING: Unhandled message: interface=org.freedesktop.DBus, path=/org/freedesktop/DBus, member=ActivatableServicesChanged
WARNING: Unhandled message: interface=org.freedesktop.DBus, path=/org/freedesktop/DBus, member=ActivatableServicesChanged
Sep 28 15:01 : player: played "Ben Westbeech/Welcome to the Best Years of Your Life/12 Hang Around.mp3"
Sep 28 17:02 : player: played "Ben Westbeech/Welcome to the Best Years of Your Life/12 Hang Around.mp3"
Sep 28 20:40 : player: played "Ben Westbeech/Welcome to the Best Years of Your Life/12 Hang Around.mp3"
Sep 29 06:40 : player: played "Ben Westbeech/Welcome to the Best Years of Your Life/12 Hang Around.mp3"
Sep 29 06:45 : player: played "Ben Westbeech/Welcome to the Best Years of Your Life/12 Hang Around.mp3"
Sep 29 06:58 : player: played "Ben Westbeech/Welcome to the Best Years of Your Life/12 Hang Around.mp3"
